version: (200506)

available memory: 64M bytes
used memory: 204800 bytes [need 200K bytes if disable swap]

used block: 11 [memory(11) file(0)]
                 [ 8K(9) 64K(2) { total 200K bytes } ]
overhead: (70704) bytes for (11) blocks [Average: (6427) bytes/block]

write  => 0(times) 0K(bytes) [0K bytes to file]
read   => 2(times) 115K(bytes) [29K bytes compressed data from file]
access => 899169(times) 7045M(bytes)
          [hit ratio: 99.9998%]

time: write(0) read(0)  unit: second

swap file directory: (/home/bitsilica/SAT/ajay/new_coralNPU/sim/verdiLog)
used swap file number: (1)



swap file manager:
arrSize: (256)
idxCnt: (4)
closeHead: (1)
closeTail: (2)
openCnt: (2)
fid(3): fd(0) fileName(/home/bitsilica/SAT/ajay/new_coralNPU/sim/build/simv.daidir/kdb.elab++/work.lib++/uvm_custom_install_verdi_recorder.sv.tdc)
	size(16157) lastModTime(1779376117) curModTime(1779376117)
	mode(rb)	hot(0) cool(0) pos(0)
fid(2): fd(24) fileName(/home/bitsilica/SAT/ajay/new_coralNPU/sim/verdiLog/_swap_0001#1490894552#3697178)
	size(0) lastModTime(0) curModTime(1779702700)
	mode(w+b)	hot(0) cool(1) pos(0)
fid(1): fd(1073741824) fileName(/home/bitsilica/SAT/ajay/new_coralNPU/sim/build/simv.daidir/kdb.elab++/work.lib++/RvvCoreMiniVerificationAxi.sv.tdc)
	size(6063026) lastModTime(1779376118) curModTime(1779376118)
	mode(rb)	hot(2) cool(0) pos(0)
fid(0): fd(0) fileName(NULL)
	mode(NULL)	hot(0) cool(0) pos(0)
==================================================
mySelf(0x232b8b40) pre(0x1f949f40) next((nil))
version(200506)
date(Jan 17 2025 02:41:12)
